<?xml version="1.0" encoding="UTF-8"?>
<!-- Generated by org.testng.reporters.JUnitReportReporter -->
<testsuite hostname="Bishnus-MacBook-Pro.local" failures="0" tests="1" name="com.amazon.test.Steps" time="9.120" errors="0" timestamp="2021-06-08T16:10:46 EDT" skipped="0">
  <testcase classname="com.amazon.test.Steps" name="method" time="9.120"/>
  <system-out/>
</testsuite> <!-- com.amazon.test.Steps -->
